<?xml version="1.0" encoding="UTF-8"?>
<!-- Generated by org.testng.reporters.JUnitXMLReporter -->
<testsuite hostname="HBADT4800457" name="Test" tests="5" failures="1" timestamp="27 Feb 2021 11:33:22 GMT" time="0.126" errors="0">
  <testcase name="method2" time="0.024" classname="com.qa.testscripts.TC11_ITestListener">
    <skipped/>
  </testcase> <!-- method2 -->
  <testcase name="method2" time="0.003" classname="com.qa.testscripts.TC11_ITestListener">
    <skipped/>
  </testcase> <!-- method2 -->
  <testcase name="method2" time="0.002" classname="com.qa.testscripts.TC11_ITestListener">
    <skipped/>
  </testcase> <!-- method2 -->
  <testcase name="method2" time="0.003" classname="com.qa.testscripts.TC11_ITestListener">
    <failure type="java.lang.AssertionError" message="expected [true] but found [false]">
      <![CDATA[java.lang.AssertionError: expected [true] but found [false]
	at com.qa.testscripts.TC11_ITestListener.method2(TC11_ITestListener.java:18)
... Removed 29 stack frames]]>
    </failure>
  </testcase> <!-- method2 -->
  <testcase name="method1" time="0.002" classname="com.qa.testscripts.TC11_ITestListener"/>
</testsuite> <!-- Test -->
