<?xml version="1.0" encoding="UTF-8"?>
<testng-results skipped="0" failed="0" total="1" passed="1">
  <reporter-output>
  </reporter-output>
  <suite name="Suite" duration-ms="39075" started-at="2021-03-03T16:44:57Z" finished-at="2021-03-03T16:45:36Z">
    <groups>
    </groups>
    <test name="Test" duration-ms="39075" started-at="2021-03-03T16:44:57Z" finished-at="2021-03-03T16:45:36Z">
      <class name="com.qa.testscripts.TC15_XpathHigliter">
        <test-method status="PASS" signature="setUp(java.lang.String, java.lang.String)[pri:0, instance:com.qa.testscripts.TC15_XpathHigliter@617faa95]" name="setUp" is-config="true" duration-ms="18594" started-at="2021-03-03T22:14:57Z" finished-at="2021-03-03T22:15:16Z">
          <params>
            <param index="0">
              <value>
                <![CDATA[chrome]]>
              </value>
            </param>
            <param index="1">
              <value>
                <![CDATA[https://opensource-demo.orangehrmlive.com/]]>
              </value>
            </param>
          </params>
          <reporter-output>
          </reporter-output>
        </test-method> <!-- setUp -->
        <test-method status="PASS" signature="setup()[pri:0, instance:com.qa.testscripts.TC15_XpathHigliter@617faa95]" name="setup" is-config="true" duration-ms="67" started-at="2021-03-03T22:15:16Z" finished-at="2021-03-03T22:15:16Z">
          <reporter-output>
          </reporter-output>
        </test-method> <!-- setup -->
        <test-method status="PASS" signature="highlighterElement()[pri:0, instance:com.qa.testscripts.TC15_XpathHigliter@617faa95]" name="highlighterElement" duration-ms="19386" started-at="2021-03-03T22:15:16Z" finished-at="2021-03-03T22:15:35Z">
          <reporter-output>
          </reporter-output>
        </test-method> <!-- highlighterElement -->
        <test-method status="PASS" signature="tearDown()[pri:0, instance:com.qa.testscripts.TC15_XpathHigliter@617faa95]" name="tearDown" is-config="true" duration-ms="983" started-at="2021-03-03T22:15:35Z" finished-at="2021-03-03T22:15:36Z">
          <reporter-output>
          </reporter-output>
        </test-method> <!-- tearDown -->
      </class> <!-- com.qa.testscripts.TC15_XpathHigliter -->
    </test> <!-- Test -->
  </suite> <!-- Suite -->
</testng-results>
